<class department="Computer Science" number="235" section="1">
	<instructor>
		<faculty id="1000" phone="(801)422-1111">
			<name phone="(801)422-2222">JoeSmart</name>
			<address>1111TMCB</address>
			<title>Professor</title>
			<department>ComputerScience</department>
		</faculty>
	</instructor>
	<students>
<student id="111111111" gpa='3.30' phone="(801)375-11111">
			<name>SusanGreen</name>
			<address>100West111NorthProvo,UT84604</address>
			<major>ComputerEngineering</major>
</student>
<student id="222222222" gpa='3.73' phone="(801)375-2222">
			<name>GregJones</name>
			<address>200West222NorthProvo,UT84604</address>
			<major>ComputerScience</major>
</student>
<student id="333333333" gpa='2.90' phone="(801)375-3333">
			<name>RandyCox</name>
			<address>300West333NorthProvo,UT84604</address>
			<major>ComputerScience</major>
</student>
	</students>
	<ta>
<student id="123456789" gpa='3.56' phone="(801)375-1234">
			<name>BillWhite</name>
			<address>300West721NorthProvo,UT84604</address>
			<major>ComputerScience</major>
</student>
	</ta>
</class>
